<?xml version="1.0" encoding="UTF-8"?>
<!-- Generated by org.testng.reporters.JUnitXMLReporter -->
<testsuite hostname="KatonovV" name="Functional Tests" tests="1" failures="1" timestamp="30 Oct 2014 06:11:38 GMT" time="26.139" errors="0">
  <testcase name="readParams" time="25.558" classname="fleamarket.test.CreateAdTest">
    <failure type="junit.framework.AssertionFailedError" message="null">
      <![CDATA[junit.framework.AssertionFailedError: null
	at junit.framework.Assert.fail(Assert.java:47)
	at junit.framework.Assert.assertTrue(Assert.java:20)
	at junit.framework.Assert.assertTrue(Assert.java:27)
	at webdriver.Logger.fatal(Logger.java:256)
	at webdriver.BaseEntity.fatal(BaseEntity.java:93)
	at webdriver.BaseEntity.assertEquals(BaseEntity.java:171)
	at fleamarket.test.keywords.BaseKeyword.afterRun(BaseKeyword.java:27)
	at fleamarket.test.keywords.BaseKeyword.runKeyword(BaseKeyword.java:18)
	at fleamarket.test.CreateAdTest.runTest(CreateAdTest.java:72)
	at webdriver.BaseTest.xTest(BaseTest.java:25)
	at fleamarket.test.CreateAdTest.readParams(CreateAdTest.java:54)
... Removed 24 stack frames]]>
    </failure>
  </testcase> <!-- readParams -->
</testsuite> <!-- Functional Tests -->
